2026-07-21 11:41:16.964 [main] INFO  c.t.e.EurekaServerApplication - [,] - Starting EurekaServerApplication using Java 25.0.2 with PID 60975 (/Users/prayas.yadav/Desktop/banking-test/Banking-Microservices/eureka-server/target/classes started by prayas.yadav in /Users/prayas.yadav/Desktop/banking-test/Banking-Microservices/eureka-server)
2026-07-21 11:41:16.966 [main] INFO  c.t.e.EurekaServerApplication - [,] - The following 1 profile is active: "dev"
2026-07-21 11:41:17.245 [main] INFO  o.s.cloud.context.scope.GenericScope - [,] - BeanFactory id=ce6861d0-2215-39b4-bfec-0627b3bd3a1e
2026-07-21 11:41:17.330 [main] INFO  o.s.boot.tomcat.TomcatWebServer - [,] - Tomcat initialized with port 8761 (http)
2026-07-21 11:41:17.335 [main] INFO  o.a.catalina.core.StandardService - [,] - Starting service [Tomcat]
2026-07-21 11:41:17.335 [main] INFO  o.a.catalina.core.StandardEngine - [,] - Starting Servlet engine: [Apache Tomcat/11.0.22]
2026-07-21 11:41:17.372 [main] INFO  o.s.b.w.c.s.WebApplicationContextInitializer - [,] - Root WebApplicationContext: initialization completed in 386 ms
2026-07-21 11:41:17.643 [main] INFO  c.n.d.p.DiscoveryJerseyProvider - [,] - Using JSON encoding codec LegacyJacksonJson
2026-07-21 11:41:17.644 [main] INFO  c.n.d.p.DiscoveryJerseyProvider - [,] - Using JSON decoding codec LegacyJacksonJson
2026-07-21 11:41:17.713 [main] INFO  c.n.d.p.DiscoveryJerseyProvider - [,] - Using XML encoding codec XStreamXml
2026-07-21 11:41:17.713 [main] INFO  c.n.d.p.DiscoveryJerseyProvider - [,] - Using XML decoding codec XStreamXml
2026-07-21 11:41:17.758 [main] INFO  o.s.v.b.OptionalValidatorFactoryBean - [,] - Failed to set up a Bean Validation provider: jakarta.validation.NoProviderFoundException: Unable to create a Configuration, because no Jakarta Validation provider could be found. Add a provider like Hibernate Validator (RI) to your classpath.
2026-07-21 11:41:17.940 [main] WARN  o.s.c.l.c.LoadBalancerCacheAutoConfiguration$LoadBalancerCaffeineWarnLogger - [,] - Spring Cloud LoadBalancer is currently working with the default cache. While this cache implementation is useful for development and tests, it's recommended to use Caffeine cache in production.You can switch to using Caffeine cache, by adding it and org.springframework.cache.caffeine.CaffeineCacheManager to the classpath.
2026-07-21 11:41:17.946 [main] INFO  o.s.c.n.eureka.InstanceInfoFactory - [,] - Setting initial instance status as: STARTING
2026-07-21 11:41:17.953 [main] INFO  c.netflix.discovery.DiscoveryClient - [,] - Initializing Eureka in region us-east-1
2026-07-21 11:41:17.953 [main] INFO  c.netflix.discovery.DiscoveryClient - [,] - Client configured to neither register nor query for data.
2026-07-21 11:41:17.953 [main] INFO  c.netflix.discovery.DiscoveryClient - [,] - Discovery Client initialized at timestamp 1784614277953 with initial instances count: 0
2026-07-21 11:41:17.965 [main] INFO  c.n.e.DefaultEurekaServerContext - [,] - Initializing ...
2026-07-21 11:41:17.966 [main] WARN  c.n.eureka.cluster.PeerEurekaNodes - [,] - The replica size seems to be empty. Check the route 53 DNS Registry
2026-07-21 11:41:17.970 [main] INFO  c.n.e.r.AbstractInstanceRegistry - [,] - Finished initializing remote region registries. All known remote regions: []
2026-07-21 11:41:17.970 [main] INFO  c.n.e.DefaultEurekaServerContext - [,] - Initialized
2026-07-21 11:41:17.973 [main] INFO  o.s.b.a.e.web.EndpointLinksResolver - [,] - Exposing 1 endpoint beneath base path '/actuator'
2026-07-21 11:41:17.990 [main] INFO  o.s.c.n.e.s.EurekaServiceRegistry - [,] - Registering application EUREKA-SERVER with eureka with status UP
2026-07-21 11:41:17.994 [Thread-10] INFO  o.s.c.n.e.s.EurekaServerBootstrap - [,] - isAws returned false
2026-07-21 11:41:17.994 [Thread-10] INFO  o.s.c.n.e.s.EurekaServerBootstrap - [,] - Initialized server context
2026-07-21 11:41:17.994 [Thread-10] INFO  c.n.e.r.PeerAwareInstanceRegistryImpl - [,] - Got 1 instances from neighboring DS node
2026-07-21 11:41:17.994 [Thread-10] INFO  c.n.e.r.PeerAwareInstanceRegistryImpl - [,] - Renew threshold is: 1
2026-07-21 11:41:17.994 [Thread-10] INFO  c.n.e.r.PeerAwareInstanceRegistryImpl - [,] - Changing status to UP
2026-07-21 11:41:17.995 [Thread-10] INFO  o.s.c.n.e.s.EurekaServerInitializerConfiguration - [,] - Started Eureka Server
2026-07-21 11:41:17.996 [main] INFO  o.s.boot.tomcat.TomcatWebServer - [,] - Tomcat started on port 8761 (http) with context path '/'
2026-07-21 11:41:17.996 [main] INFO  o.s.c.n.e.s.EurekaAutoServiceRegistration - [,] - Updating port to 8761
2026-07-21 11:41:18.002 [main] INFO  c.t.e.EurekaServerApplication - [,] - Started EurekaServerApplication in 1.342 seconds (process running for 1.537)
2026-07-21 11:41:23.000 [Eureka-EvictionTimer] INFO  c.n.e.r.AbstractInstanceRegistry - [,] - Running the evict task with compensationTime 0ms
2026-07-21 11:41:23.002 [http-nio-8761-exec-3] INFO  o.a.c.c.C.[Tomcat].[localhost].[/] - [,] - Initializing Spring DispatcherServlet 'dispatcherServlet'
2026-07-21 11:41:23.002 [http-nio-8761-exec-3] INFO  o.s.web.servlet.DispatcherServlet - [,] - Initializing Servlet 'dispatcherServlet'
2026-07-21 11:41:23.003 [http-nio-8761-exec-3] INFO  o.s.web.servlet.DispatcherServlet - [,] - Completed initialization in 1 ms
2026-07-21 11:41:23.118 [http-nio-8761-exec-8] INFO  c.n.e.r.AbstractInstanceRegistry - [,] - Registered instance CUSTOMER-SERVICE/10.132.127.211:customer-service:8081 with status UP (replication=false)
2026-07-21 11:41:23.118 [http-nio-8761-exec-6] INFO  c.n.e.r.AbstractInstanceRegistry - [,] - Registered instance AUTH-SERVICE/10.132.127.211:auth-service:8086 with status UP (replication=false)
2026-07-21 11:41:23.118 [http-nio-8761-exec-7] INFO  c.n.e.r.AbstractInstanceRegistry - [,] - Registered instance TRANSACTION-SERVICE/10.132.127.211:transaction-service:8083 with status UP (replication=false)
2026-07-21 11:41:23.176 [http-nio-8761-exec-10] INFO  c.n.e.r.AbstractInstanceRegistry - [,] - Registered instance WALLET-SERVICE/10.132.127.211:wallet-service:8084 with status UP (replication=false)
2026-07-21 11:41:23.261 [http-nio-8761-exec-2] INFO  c.n.e.r.AbstractInstanceRegistry - [,] - Registered instance ACCOUNT-SERVICE/10.132.127.211:account-service:9001 with status UP (replication=false)
2026-07-21 11:41:23.785 [http-nio-8761-exec-5] INFO  c.n.e.r.AbstractInstanceRegistry - [,] - Registered instance API-GATEWAY/10.132.127.211:api-gateway:8080 with status UP (replication=false)
2026-07-21 11:41:28.002 [Eureka-EvictionTimer] INFO  c.n.e.r.AbstractInstanceRegistry - [,] - Running the evict task with compensationTime 2ms
2026-07-21 11:41:33.003 [Eureka-EvictionTimer] INFO  c.n.e.r.AbstractInstanceRegistry - [,] - Running the evict task with compensationTime 0ms
2026-07-21 11:41:38.007 [Eureka-EvictionTimer] INFO  c.n.e.r.AbstractInstanceRegistry - [,] - Running the evict task with compensationTime 4ms
2026-07-21 11:41:43.011 [Eureka-EvictionTimer] INFO  c.n.e.r.AbstractInstanceRegistry - [,] - Running the evict task with compensationTime 3ms
2026-07-21 11:41:48.013 [Eureka-EvictionTimer] INFO  c.n.e.r.AbstractInstanceRegistry - [,] - Running the evict task with compensationTime 2ms
2026-07-21 11:41:53.018 [Eureka-EvictionTimer] INFO  c.n.e.r.AbstractInstanceRegistry - [,] - Running the evict task with compensationTime 5ms
2026-07-21 11:41:58.024 [Eureka-EvictionTimer] INFO  c.n.e.r.AbstractInstanceRegistry - [,] - Running the evict task with compensationTime 5ms
2026-07-21 11:42:03.026 [Eureka-EvictionTimer] INFO  c.n.e.r.AbstractInstanceRegistry - [,] - Running the evict task with compensationTime 2ms
2026-07-21 11:42:08.031 [Eureka-EvictionTimer] INFO  c.n.e.r.AbstractInstanceRegistry - [,] - Running the evict task with compensationTime 5ms
2026-07-21 11:42:13.035 [Eureka-EvictionTimer] INFO  c.n.e.r.AbstractInstanceRegistry - [,] - Running the evict task with compensationTime 3ms
2026-07-21 11:42:18.039 [Eureka-EvictionTimer] INFO  c.n.e.r.AbstractInstanceRegistry - [,] - Running the evict task with compensationTime 3ms
2026-07-21 11:42:23.044 [Eureka-EvictionTimer] INFO  c.n.e.r.AbstractInstanceRegistry - [,] - Running the evict task with compensationTime 5ms
2026-07-21 11:42:28.048 [Eureka-EvictionTimer] INFO  c.n.e.r.AbstractInstanceRegistry - [,] - Running the evict task with compensationTime 4ms
2026-07-21 11:42:33.051 [Eureka-EvictionTimer] INFO  c.n.e.r.AbstractInstanceRegistry - [,] - Running the evict task with compensationTime 2ms
2026-07-21 11:42:38.055 [Eureka-EvictionTimer] INFO  c.n.e.r.AbstractInstanceRegistry - [,] - Running the evict task with compensationTime 4ms
2026-07-21 11:42:43.060 [Eureka-EvictionTimer] INFO  c.n.e.r.AbstractInstanceRegistry - [,] - Running the evict task with compensationTime 4ms
2026-07-21 11:42:48.065 [Eureka-EvictionTimer] INFO  c.n.e.r.AbstractInstanceRegistry - [,] - Running the evict task with compensationTime 4ms
2026-07-21 11:42:53.070 [Eureka-EvictionTimer] INFO  c.n.e.r.AbstractInstanceRegistry - [,] - Running the evict task with compensationTime 4ms
2026-07-21 11:42:58.075 [Eureka-EvictionTimer] INFO  c.n.e.r.AbstractInstanceRegistry - [,] - Running the evict task with compensationTime 5ms
2026-07-21 11:43:03.079 [Eureka-EvictionTimer] INFO  c.n.e.r.AbstractInstanceRegistry - [,] - Running the evict task with compensationTime 3ms
2026-07-21 11:43:08.080 [Eureka-EvictionTimer] INFO  c.n.e.r.AbstractInstanceRegistry - [,] - Running the evict task with compensationTime 1ms
2026-07-21 11:43:13.084 [Eureka-EvictionTimer] INFO  c.n.e.r.AbstractInstanceRegistry - [,] - Running the evict task with compensationTime 3ms
2026-07-21 11:43:18.089 [Eureka-EvictionTimer] INFO  c.n.e.r.AbstractInstanceRegistry - [,] - Running the evict task with compensationTime 4ms
2026-07-21 11:43:23.093 [Eureka-EvictionTimer] INFO  c.n.e.r.AbstractInstanceRegistry - [,] - Running the evict task with compensationTime 3ms
2026-07-21 11:43:28.096 [Eureka-EvictionTimer] INFO  c.n.e.r.AbstractInstanceRegistry - [,] - Running the evict task with compensationTime 3ms
2026-07-21 11:43:33.101 [Eureka-EvictionTimer] INFO  c.n.e.r.AbstractInstanceRegistry - [,] - Running the evict task with compensationTime 4ms
2026-07-21 11:43:38.106 [Eureka-EvictionTimer] INFO  c.n.e.r.AbstractInstanceRegistry - [,] - Running the evict task with compensationTime 5ms
2026-07-21 11:43:43.111 [Eureka-EvictionTimer] INFO  c.n.e.r.AbstractInstanceRegistry - [,] - Running the evict task with compensationTime 5ms
2026-07-21 11:43:48.111 [Eureka-EvictionTimer] INFO  c.n.e.r.AbstractInstanceRegistry - [,] - Running the evict task with compensationTime 0ms
2026-07-21 11:43:53.116 [Eureka-EvictionTimer] INFO  c.n.e.r.AbstractInstanceRegistry - [,] - Running the evict task with compensationTime 4ms
2026-07-21 11:43:58.121 [Eureka-EvictionTimer] INFO  c.n.e.r.AbstractInstanceRegistry - [,] - Running the evict task with compensationTime 5ms
2026-07-21 11:44:03.124 [Eureka-EvictionTimer] INFO  c.n.e.r.AbstractInstanceRegistry - [,] - Running the evict task with compensationTime 3ms
2026-07-21 11:44:08.127 [Eureka-EvictionTimer] INFO  c.n.e.r.AbstractInstanceRegistry - [,] - Running the evict task with compensationTime 2ms
2026-07-21 11:44:13.129 [Eureka-EvictionTimer] INFO  c.n.e.r.AbstractInstanceRegistry - [,] - Running the evict task with compensationTime 2ms
2026-07-21 11:44:18.134 [Eureka-EvictionTimer] INFO  c.n.e.r.AbstractInstanceRegistry - [,] - Running the evict task with compensationTime 4ms
2026-07-21 11:44:23.139 [Eureka-EvictionTimer] INFO  c.n.e.r.AbstractInstanceRegistry - [,] - Running the evict task with compensationTime 5ms
2026-07-21 11:44:28.142 [Eureka-EvictionTimer] INFO  c.n.e.r.AbstractInstanceRegistry - [,] - Running the evict task with compensationTime 2ms
2026-07-21 11:44:33.146 [Eureka-EvictionTimer] INFO  c.n.e.r.AbstractInstanceRegistry - [,] - Running the evict task with compensationTime 3ms
2026-07-21 11:44:38.152 [Eureka-EvictionTimer] INFO  c.n.e.r.AbstractInstanceRegistry - [,] - Running the evict task with compensationTime 5ms
2026-07-21 11:44:43.156 [Eureka-EvictionTimer] INFO  c.n.e.r.AbstractInstanceRegistry - [,] - Running the evict task with compensationTime 4ms
2026-07-21 11:44:48.160 [Eureka-EvictionTimer] INFO  c.n.e.r.AbstractInstanceRegistry - [,] - Running the evict task with compensationTime 4ms
2026-07-21 11:44:53.165 [Eureka-EvictionTimer] INFO  c.n.e.r.AbstractInstanceRegistry - [,] - Running the evict task with compensationTime 4ms
2026-07-21 11:44:58.170 [Eureka-EvictionTimer] INFO  c.n.e.r.AbstractInstanceRegistry - [,] - Running the evict task with compensationTime 4ms
2026-07-21 11:45:03.175 [Eureka-EvictionTimer] INFO  c.n.e.r.AbstractInstanceRegistry - [,] - Running the evict task with compensationTime 5ms
2026-07-21 11:45:08.181 [Eureka-EvictionTimer] INFO  c.n.e.r.AbstractInstanceRegistry - [,] - Running the evict task with compensationTime 5ms
2026-07-21 11:45:13.185 [Eureka-EvictionTimer] INFO  c.n.e.r.AbstractInstanceRegistry - [,] - Running the evict task with compensationTime 4ms
2026-07-21 11:45:18.188 [Eureka-EvictionTimer] INFO  c.n.e.r.AbstractInstanceRegistry - [,] - Running the evict task with compensationTime 2ms
2026-07-21 11:45:23.193 [Eureka-EvictionTimer] INFO  c.n.e.r.AbstractInstanceRegistry - [,] - Running the evict task with compensationTime 5ms
2026-07-21 11:45:28.196 [Eureka-EvictionTimer] INFO  c.n.e.r.AbstractInstanceRegistry - [,] - Running the evict task with compensationTime 3ms
2026-07-21 11:45:33.198 [Eureka-EvictionTimer] INFO  c.n.e.r.AbstractInstanceRegistry - [,] - Running the evict task with compensationTime 1ms
2026-07-21 11:45:38.200 [Eureka-EvictionTimer] INFO  c.n.e.r.AbstractInstanceRegistry - [,] - Running the evict task with compensationTime 1ms
2026-07-21 11:45:43.205 [Eureka-EvictionTimer] INFO  c.n.e.r.AbstractInstanceRegistry - [,] - Running the evict task with compensationTime 4ms
2026-07-21 11:45:48.209 [Eureka-EvictionTimer] INFO  c.n.e.r.AbstractInstanceRegistry - [,] - Running the evict task with compensationTime 3ms
2026-07-21 11:45:53.210 [Eureka-EvictionTimer] INFO  c.n.e.r.AbstractInstanceRegistry - [,] - Running the evict task with compensationTime 1ms
2026-07-21 11:45:58.212 [Eureka-EvictionTimer] INFO  c.n.e.r.AbstractInstanceRegistry - [,] - Running the evict task with compensationTime 2ms
2026-07-21 11:46:03.217 [Eureka-EvictionTimer] INFO  c.n.e.r.AbstractInstanceRegistry - [,] - Running the evict task with compensationTime 4ms
2026-07-21 11:46:08.220 [Eureka-EvictionTimer] INFO  c.n.e.r.AbstractInstanceRegistry - [,] - Running the evict task with compensationTime 3ms
2026-07-21 11:46:13.224 [Eureka-EvictionTimer] INFO  c.n.e.r.AbstractInstanceRegistry - [,] - Running the evict task with compensationTime 4ms
2026-07-21 11:46:18.230 [Eureka-EvictionTimer] INFO  c.n.e.r.AbstractInstanceRegistry - [,] - Running the evict task with compensationTime 5ms
2026-07-21 11:46:23.234 [Eureka-EvictionTimer] INFO  c.n.e.r.AbstractInstanceRegistry - [,] - Running the evict task with compensationTime 4ms
2026-07-21 11:46:28.239 [Eureka-EvictionTimer] INFO  c.n.e.r.AbstractInstanceRegistry - [,] - Running the evict task with compensationTime 4ms
2026-07-21 11:46:33.241 [Eureka-EvictionTimer] INFO  c.n.e.r.AbstractInstanceRegistry - [,] - Running the evict task with compensationTime 2ms
2026-07-21 11:46:38.246 [Eureka-EvictionTimer] INFO  c.n.e.r.AbstractInstanceRegistry - [,] - Running the evict task with compensationTime 4ms
2026-07-21 11:46:43.251 [Eureka-EvictionTimer] INFO  c.n.e.r.AbstractInstanceRegistry - [,] - Running the evict task with compensationTime 4ms
2026-07-21 11:46:48.254 [Eureka-EvictionTimer] INFO  c.n.e.r.AbstractInstanceRegistry - [,] - Running the evict task with compensationTime 3ms
2026-07-21 11:46:53.260 [Eureka-EvictionTimer] INFO  c.n.e.r.AbstractInstanceRegistry - [,] - Running the evict task with compensationTime 5ms
2026-07-21 11:46:58.265 [Eureka-EvictionTimer] INFO  c.n.e.r.AbstractInstanceRegistry - [,] - Running the evict task with compensationTime 5ms
2026-07-21 11:47:03.267 [Eureka-EvictionTimer] INFO  c.n.e.r.AbstractInstanceRegistry - [,] - Running the evict task with compensationTime 1ms
2026-07-21 11:47:08.272 [Eureka-EvictionTimer] INFO  c.n.e.r.AbstractInstanceRegistry - [,] - Running the evict task with compensationTime 5ms
2026-07-21 11:47:13.277 [Eureka-EvictionTimer] INFO  c.n.e.r.AbstractInstanceRegistry - [,] - Running the evict task with compensationTime 4ms
2026-07-21 11:47:18.281 [Eureka-EvictionTimer] INFO  c.n.e.r.AbstractInstanceRegistry - [,] - Running the evict task with compensationTime 4ms
2026-07-21 11:47:23.282 [Eureka-EvictionTimer] INFO  c.n.e.r.AbstractInstanceRegistry - [,] - Running the evict task with compensationTime 1ms
2026-07-21 11:47:28.283 [Eureka-EvictionTimer] INFO  c.n.e.r.AbstractInstanceRegistry - [,] - Running the evict task with compensationTime 0ms
2026-07-21 11:47:33.288 [Eureka-EvictionTimer] INFO  c.n.e.r.AbstractInstanceRegistry - [,] - Running the evict task with compensationTime 4ms
2026-07-21 11:47:38.293 [Eureka-EvictionTimer] INFO  c.n.e.r.AbstractInstanceRegistry - [,] - Running the evict task with compensationTime 5ms
2026-07-21 11:47:43.295 [Eureka-EvictionTimer] INFO  c.n.e.r.AbstractInstanceRegistry - [,] - Running the evict task with compensationTime 2ms
2026-07-21 11:47:48.299 [Eureka-EvictionTimer] INFO  c.n.e.r.AbstractInstanceRegistry - [,] - Running the evict task with compensationTime 3ms
2026-07-21 11:47:53.303 [Eureka-EvictionTimer] INFO  c.n.e.r.AbstractInstanceRegistry - [,] - Running the evict task with compensationTime 3ms
2026-07-21 11:47:58.307 [Eureka-EvictionTimer] INFO  c.n.e.r.AbstractInstanceRegistry - [,] - Running the evict task with compensationTime 3ms
2026-07-21 11:48:03.312 [Eureka-EvictionTimer] INFO  c.n.e.r.AbstractInstanceRegistry - [,] - Running the evict task with compensationTime 5ms
2026-07-21 11:48:08.314 [Eureka-EvictionTimer] INFO  c.n.e.r.AbstractInstanceRegistry - [,] - Running the evict task with compensationTime 1ms
2026-07-21 11:48:13.317 [Eureka-EvictionTimer] INFO  c.n.e.r.AbstractInstanceRegistry - [,] - Running the evict task with compensationTime 3ms
2026-07-21 11:48:18.322 [Eureka-EvictionTimer] INFO  c.n.e.r.AbstractInstanceRegistry - [,] - Running the evict task with compensationTime 4ms
2026-07-21 11:48:23.327 [Eureka-EvictionTimer] INFO  c.n.e.r.AbstractInstanceRegistry - [,] - Running the evict task with compensationTime 4ms
2026-07-21 11:48:28.331 [Eureka-EvictionTimer] INFO  c.n.e.r.AbstractInstanceRegistry - [,] - Running the evict task with compensationTime 4ms
2026-07-21 11:48:33.334 [Eureka-EvictionTimer] INFO  c.n.e.r.AbstractInstanceRegistry - [,] - Running the evict task with compensationTime 3ms
2026-07-21 11:48:38.339 [Eureka-EvictionTimer] INFO  c.n.e.r.AbstractInstanceRegistry - [,] - Running the evict task with compensationTime 5ms
2026-07-21 11:48:43.344 [Eureka-EvictionTimer] INFO  c.n.e.r.AbstractInstanceRegistry - [,] - Running the evict task with compensationTime 4ms
2026-07-21 11:48:48.349 [Eureka-EvictionTimer] INFO  c.n.e.r.AbstractInstanceRegistry - [,] - Running the evict task with compensationTime 4ms
2026-07-21 11:48:53.353 [Eureka-EvictionTimer] INFO  c.n.e.r.AbstractInstanceRegistry - [,] - Running the evict task with compensationTime 4ms
2026-07-21 11:48:58.353 [Eureka-EvictionTimer] INFO  c.n.e.r.AbstractInstanceRegistry - [,] - Running the evict task with compensationTime 0ms
2026-07-21 11:49:03.358 [Eureka-EvictionTimer] INFO  c.n.e.r.AbstractInstanceRegistry - [,] - Running the evict task with compensationTime 4ms
2026-07-21 11:49:08.361 [Eureka-EvictionTimer] INFO  c.n.e.r.AbstractInstanceRegistry - [,] - Running the evict task with compensationTime 3ms
2026-07-21 11:49:13.365 [Eureka-EvictionTimer] INFO  c.n.e.r.AbstractInstanceRegistry - [,] - Running the evict task with compensationTime 4ms
2026-07-21 11:49:18.366 [Eureka-EvictionTimer] INFO  c.n.e.r.AbstractInstanceRegistry - [,] - Running the evict task with compensationTime 1ms
2026-07-21 11:49:23.367 [Eureka-EvictionTimer] INFO  c.n.e.r.AbstractInstanceRegistry - [,] - Running the evict task with compensationTime 0ms
2026-07-21 11:49:28.368 [Eureka-EvictionTimer] INFO  c.n.e.r.AbstractInstanceRegistry - [,] - Running the evict task with compensationTime 1ms
2026-07-21 11:49:33.370 [Eureka-EvictionTimer] INFO  c.n.e.r.AbstractInstanceRegistry - [,] - Running the evict task with compensationTime 1ms
2026-07-21 11:49:38.373 [Eureka-EvictionTimer] INFO  c.n.e.r.AbstractInstanceRegistry - [,] - Running the evict task with compensationTime 3ms
2026-07-21 11:49:43.378 [Eureka-EvictionTimer] INFO  c.n.e.r.AbstractInstanceRegistry - [,] - Running the evict task with compensationTime 4ms
2026-07-21 11:49:48.382 [Eureka-EvictionTimer] INFO  c.n.e.r.AbstractInstanceRegistry - [,] - Running the evict task with compensationTime 3ms
2026-07-21 11:49:53.386 [Eureka-EvictionTimer] INFO  c.n.e.r.AbstractInstanceRegistry - [,] - Running the evict task with compensationTime 4ms
2026-07-21 11:49:58.391 [Eureka-EvictionTimer] INFO  c.n.e.r.AbstractInstanceRegistry - [,] - Running the evict task with compensationTime 4ms
2026-07-21 11:50:03.393 [Eureka-EvictionTimer] INFO  c.n.e.r.AbstractInstanceRegistry - [,] - Running the evict task with compensationTime 2ms
2026-07-21 11:50:08.394 [Eureka-EvictionTimer] INFO  c.n.e.r.AbstractInstanceRegistry - [,] - Running the evict task with compensationTime 1ms
2026-07-21 11:50:13.399 [Eureka-EvictionTimer] INFO  c.n.e.r.AbstractInstanceRegistry - [,] - Running the evict task with compensationTime 4ms
2026-07-21 11:50:18.399 [Eureka-EvictionTimer] INFO  c.n.e.r.AbstractInstanceRegistry - [,] - Running the evict task with compensationTime 0ms
2026-07-21 11:50:23.403 [Eureka-EvictionTimer] INFO  c.n.e.r.AbstractInstanceRegistry - [,] - Running the evict task with compensationTime 3ms
2026-07-21 11:50:28.407 [Eureka-EvictionTimer] INFO  c.n.e.r.AbstractInstanceRegistry - [,] - Running the evict task with compensationTime 4ms
2026-07-21 11:50:33.412 [Eureka-EvictionTimer] INFO  c.n.e.r.AbstractInstanceRegistry - [,] - Running the evict task with compensationTime 4ms
2026-07-21 11:50:38.414 [Eureka-EvictionTimer] INFO  c.n.e.r.AbstractInstanceRegistry - [,] - Running the evict task with compensationTime 2ms
2026-07-21 11:50:43.419 [Eureka-EvictionTimer] INFO  c.n.e.r.AbstractInstanceRegistry - [,] - Running the evict task with compensationTime 4ms
2026-07-21 11:50:48.420 [Eureka-EvictionTimer] INFO  c.n.e.r.AbstractInstanceRegistry - [,] - Running the evict task with compensationTime 1ms
2026-07-21 11:50:53.423 [Eureka-EvictionTimer] INFO  c.n.e.r.AbstractInstanceRegistry - [,] - Running the evict task with compensationTime 2ms
2026-07-21 11:50:58.426 [Eureka-EvictionTimer] INFO  c.n.e.r.AbstractInstanceRegistry - [,] - Running the evict task with compensationTime 2ms
2026-07-21 11:51:03.431 [Eureka-EvictionTimer] INFO  c.n.e.r.AbstractInstanceRegistry - [,] - Running the evict task with compensationTime 5ms
2026-07-21 11:51:08.436 [Eureka-EvictionTimer] INFO  c.n.e.r.AbstractInstanceRegistry - [,] - Running the evict task with compensationTime 4ms
2026-07-21 11:51:13.437 [Eureka-EvictionTimer] INFO  c.n.e.r.AbstractInstanceRegistry - [,] - Running the evict task with compensationTime 1ms
2026-07-21 11:51:17.970 [Eureka-PeerNodesUpdater] WARN  c.n.eureka.cluster.PeerEurekaNodes - [,] - The replica size seems to be empty. Check the route 53 DNS Registry
2026-07-21 11:51:18.440 [Eureka-EvictionTimer] INFO  c.n.e.r.AbstractInstanceRegistry - [,] - Running the evict task with compensationTime 2ms
2026-07-21 11:51:23.445 [Eureka-EvictionTimer] INFO  c.n.e.r.AbstractInstanceRegistry - [,] - Running the evict task with compensationTime 4ms
2026-07-21 11:51:28.448 [Eureka-EvictionTimer] INFO  c.n.e.r.AbstractInstanceRegistry - [,] - Running the evict task with compensationTime 3ms
2026-07-21 11:51:33.452 [Eureka-EvictionTimer] INFO  c.n.e.r.AbstractInstanceRegistry - [,] - Running the evict task with compensationTime 4ms
2026-07-21 11:51:38.456 [Eureka-EvictionTimer] INFO  c.n.e.r.AbstractInstanceRegistry - [,] - Running the evict task with compensationTime 3ms
2026-07-21 11:51:43.461 [Eureka-EvictionTimer] INFO  c.n.e.r.AbstractInstanceRegistry - [,] - Running the evict task with compensationTime 5ms
2026-07-21 11:51:48.463 [Eureka-EvictionTimer] INFO  c.n.e.r.AbstractInstanceRegistry - [,] - Running the evict task with compensationTime 1ms
2026-07-21 11:51:53.468 [Eureka-EvictionTimer] INFO  c.n.e.r.AbstractInstanceRegistry - [,] - Running the evict task with compensationTime 4ms
2026-07-21 11:51:58.469 [Eureka-EvictionTimer] INFO  c.n.e.r.AbstractInstanceRegistry - [,] - Running the evict task with compensationTime 1ms
2026-07-21 11:52:03.474 [Eureka-EvictionTimer] INFO  c.n.e.r.AbstractInstanceRegistry - [,] - Running the evict task with compensationTime 5ms
2026-07-21 11:52:08.477 [Eureka-EvictionTimer] INFO  c.n.e.r.AbstractInstanceRegistry - [,] - Running the evict task with compensationTime 3ms
2026-07-21 11:52:13.478 [Eureka-EvictionTimer] INFO  c.n.e.r.AbstractInstanceRegistry - [,] - Running the evict task with compensationTime 0ms
2026-07-21 11:52:18.480 [Eureka-EvictionTimer] INFO  c.n.e.r.AbstractInstanceRegistry - [,] - Running the evict task with compensationTime 2ms
2026-07-21 11:52:23.481 [Eureka-EvictionTimer] INFO  c.n.e.r.AbstractInstanceRegistry - [,] - Running the evict task with compensationTime 1ms
2026-07-21 11:52:28.485 [Eureka-EvictionTimer] INFO  c.n.e.r.AbstractInstanceRegistry - [,] - Running the evict task with compensationTime 3ms
2026-07-21 11:52:33.487 [Eureka-EvictionTimer] INFO  c.n.e.r.AbstractInstanceRegistry - [,] - Running the evict task with compensationTime 1ms
2026-07-21 11:52:38.490 [Eureka-EvictionTimer] INFO  c.n.e.r.AbstractInstanceRegistry - [,] - Running the evict task with compensationTime 3ms
2026-07-21 11:52:43.493 [Eureka-EvictionTimer] INFO  c.n.e.r.AbstractInstanceRegistry - [,] - Running the evict task with compensationTime 3ms
2026-07-21 11:52:48.498 [Eureka-EvictionTimer] INFO  c.n.e.r.AbstractInstanceRegistry - [,] - Running the evict task with compensationTime 4ms
2026-07-21 11:52:53.498 [Eureka-EvictionTimer] INFO  c.n.e.r.AbstractInstanceRegistry - [,] - Running the evict task with compensationTime 0ms
2026-07-21 11:52:58.502 [Eureka-EvictionTimer] INFO  c.n.e.r.AbstractInstanceRegistry - [,] - Running the evict task with compensationTime 3ms
2026-07-21 11:53:03.508 [Eureka-EvictionTimer] INFO  c.n.e.r.AbstractInstanceRegistry - [,] - Running the evict task with compensationTime 5ms
2026-07-21 11:53:08.513 [Eureka-EvictionTimer] INFO  c.n.e.r.AbstractInstanceRegistry - [,] - Running the evict task with compensationTime 5ms
2026-07-21 11:53:13.517 [Eureka-EvictionTimer] INFO  c.n.e.r.AbstractInstanceRegistry - [,] - Running the evict task with compensationTime 3ms
2026-07-21 11:53:18.520 [Eureka-EvictionTimer] INFO  c.n.e.r.AbstractInstanceRegistry - [,] - Running the evict task with compensationTime 3ms
2026-07-21 11:53:23.523 [Eureka-EvictionTimer] INFO  c.n.e.r.AbstractInstanceRegistry - [,] - Running the evict task with compensationTime 3ms
2026-07-21 11:53:28.525 [Eureka-EvictionTimer] INFO  c.n.e.r.AbstractInstanceRegistry - [,] - Running the evict task with compensationTime 1ms
2026-07-21 11:53:33.530 [Eureka-EvictionTimer] INFO  c.n.e.r.AbstractInstanceRegistry - [,] - Running the evict task with compensationTime 4ms
2026-07-21 11:53:38.533 [Eureka-EvictionTimer] INFO  c.n.e.r.AbstractInstanceRegistry - [,] - Running the evict task with compensationTime 3ms
2026-07-21 11:53:43.538 [Eureka-EvictionTimer] INFO  c.n.e.r.AbstractInstanceRegistry - [,] - Running the evict task with compensationTime 4ms
2026-07-21 11:53:48.543 [Eureka-EvictionTimer] INFO  c.n.e.r.AbstractInstanceRegistry - [,] - Running the evict task with compensationTime 5ms
2026-07-21 11:53:53.547 [Eureka-EvictionTimer] INFO  c.n.e.r.AbstractInstanceRegistry - [,] - Running the evict task with compensationTime 4ms
2026-07-21 11:53:58.548 [Eureka-EvictionTimer] INFO  c.n.e.r.AbstractInstanceRegistry - [,] - Running the evict task with compensationTime 0ms
2026-07-21 11:54:03.551 [Eureka-EvictionTimer] INFO  c.n.e.r.AbstractInstanceRegistry - [,] - Running the evict task with compensationTime 3ms
2026-07-21 11:54:08.553 [Eureka-EvictionTimer] INFO  c.n.e.r.AbstractInstanceRegistry - [,] - Running the evict task with compensationTime 1ms
2026-07-21 11:54:13.553 [Eureka-EvictionTimer] INFO  c.n.e.r.AbstractInstanceRegistry - [,] - Running the evict task with compensationTime 0ms
2026-07-21 11:54:18.556 [Eureka-EvictionTimer] INFO  c.n.e.r.AbstractInstanceRegistry - [,] - Running the evict task with compensationTime 2ms
2026-07-21 11:54:23.561 [Eureka-EvictionTimer] INFO  c.n.e.r.AbstractInstanceRegistry - [,] - Running the evict task with compensationTime 5ms
2026-07-21 11:54:28.566 [Eureka-EvictionTimer] INFO  c.n.e.r.AbstractInstanceRegistry - [,] - Running the evict task with compensationTime 5ms
2026-07-21 11:54:33.570 [Eureka-EvictionTimer] INFO  c.n.e.r.AbstractInstanceRegistry - [,] - Running the evict task with compensationTime 3ms
2026-07-21 11:54:38.575 [Eureka-EvictionTimer] INFO  c.n.e.r.AbstractInstanceRegistry - [,] - Running the evict task with compensationTime 4ms
2026-07-21 11:54:43.579 [Eureka-EvictionTimer] INFO  c.n.e.r.AbstractInstanceRegistry - [,] - Running the evict task with compensationTime 4ms
2026-07-21 11:54:46.204 [http-nio-8761-exec-7] INFO  c.n.e.r.AbstractInstanceRegistry - [,] - Registered instance ACCOUNT-SERVICE/10.132.127.211:account-service:9001 with status DOWN (replication=false)
2026-07-21 11:54:48.584 [Eureka-EvictionTimer] INFO  c.n.e.r.AbstractInstanceRegistry - [,] - Running the evict task with compensationTime 4ms
2026-07-21 11:54:51.602 [http-nio-8761-exec-8] INFO  c.n.e.r.AbstractInstanceRegistry - [,] - Registered instance ACCOUNT-SERVICE/10.132.127.211:account-service:9001 with status UP (replication=false)
2026-07-21 11:54:51.874 [http-nio-8761-exec-9] INFO  c.n.e.r.AbstractInstanceRegistry - [,] - Cancelled instance ACCOUNT-SERVICE/10.132.127.211:account-service:9001 (replication=false)
2026-07-21 11:54:53.585 [Eureka-EvictionTimer] INFO  c.n.e.r.AbstractInstanceRegistry - [,] - Running the evict task with compensationTime 1ms
2026-07-21 11:54:58.590 [Eureka-EvictionTimer] INFO  c.n.e.r.AbstractInstanceRegistry - [,] - Running the evict task with compensationTime 4ms
2026-07-21 11:55:03.594 [Eureka-EvictionTimer] INFO  c.n.e.r.AbstractInstanceRegistry - [,] - Running the evict task with compensationTime 3ms
2026-07-21 11:55:08.596 [Eureka-EvictionTimer] INFO  c.n.e.r.AbstractInstanceRegistry - [,] - Running the evict task with compensationTime 2ms
2026-07-21 11:55:13.601 [Eureka-EvictionTimer] INFO  c.n.e.r.AbstractInstanceRegistry - [,] - Running the evict task with compensationTime 4ms
2026-07-21 11:55:18.603 [Eureka-EvictionTimer] INFO  c.n.e.r.AbstractInstanceRegistry - [,] - Running the evict task with compensationTime 1ms
2026-07-21 11:55:21.596 [http-nio-8761-exec-5] WARN  c.n.e.r.AbstractInstanceRegistry - [,] - DS: Registry: lease doesn't exist, registering resource: ACCOUNT-SERVICE - 10.132.127.211:account-service:9001
2026-07-21 11:55:21.596 [http-nio-8761-exec-5] WARN  c.n.e.resources.InstanceResource - [,] - Not Found (Renew): ACCOUNT-SERVICE - 10.132.127.211:account-service:9001
2026-07-21 11:55:21.653 [http-nio-8761-exec-10] INFO  c.n.e.r.AbstractInstanceRegistry - [,] - Registered instance ACCOUNT-SERVICE/10.132.127.211:account-service:9001 with status UP (replication=false)
2026-07-21 11:55:23.605 [Eureka-EvictionTimer] INFO  c.n.e.r.AbstractInstanceRegistry - [,] - Running the evict task with compensationTime 1ms
2026-07-21 11:55:28.609 [Eureka-EvictionTimer] INFO  c.n.e.r.AbstractInstanceRegistry - [,] - Running the evict task with compensationTime 4ms
2026-07-21 11:55:33.614 [Eureka-EvictionTimer] INFO  c.n.e.r.AbstractInstanceRegistry - [,] - Running the evict task with compensationTime 4ms
2026-07-21 11:55:38.617 [Eureka-EvictionTimer] INFO  c.n.e.r.AbstractInstanceRegistry - [,] - Running the evict task with compensationTime 3ms
2026-07-21 11:55:43.619 [Eureka-EvictionTimer] INFO  c.n.e.r.AbstractInstanceRegistry - [,] - Running the evict task with compensationTime 1ms
2026-07-21 11:55:48.622 [Eureka-EvictionTimer] INFO  c.n.e.r.AbstractInstanceRegistry - [,] - Running the evict task with compensationTime 2ms
2026-07-21 11:55:53.626 [Eureka-EvictionTimer] INFO  c.n.e.r.AbstractInstanceRegistry - [,] - Running the evict task with compensationTime 4ms
2026-07-21 11:55:58.631 [Eureka-EvictionTimer] INFO  c.n.e.r.AbstractInstanceRegistry - [,] - Running the evict task with compensationTime 4ms
2026-07-21 11:56:03.636 [Eureka-EvictionTimer] INFO  c.n.e.r.AbstractInstanceRegistry - [,] - Running the evict task with compensationTime 5ms
2026-07-21 11:56:08.639 [Eureka-EvictionTimer] INFO  c.n.e.r.AbstractInstanceRegistry - [,] - Running the evict task with compensationTime 2ms
2026-07-21 11:56:13.644 [Eureka-EvictionTimer] INFO  c.n.e.r.AbstractInstanceRegistry - [,] - Running the evict task with compensationTime 4ms
2026-07-21 11:56:17.978 [ReplicaAwareInstanceRegistry - RenewalThresholdUpdater] INFO  c.n.e.r.PeerAwareInstanceRegistryImpl - [,] - Current renewal threshold is : 0
2026-07-21 11:56:18.649 [Eureka-EvictionTimer] INFO  c.n.e.r.AbstractInstanceRegistry - [,] - Running the evict task with compensationTime 4ms
2026-07-21 11:56:23.652 [Eureka-EvictionTimer] INFO  c.n.e.r.AbstractInstanceRegistry - [,] - Running the evict task with compensationTime 3ms
2026-07-21 11:56:28.656 [Eureka-EvictionTimer] INFO  c.n.e.r.AbstractInstanceRegistry - [,] - Running the evict task with compensationTime 4ms
2026-07-21 11:56:33.658 [Eureka-EvictionTimer] INFO  c.n.e.r.AbstractInstanceRegistry - [,] - Running the evict task with compensationTime 2ms
2026-07-21 11:56:38.662 [Eureka-EvictionTimer] INFO  c.n.e.r.AbstractInstanceRegistry - [,] - Running the evict task with compensationTime 3ms
2026-07-21 11:56:43.667 [Eureka-EvictionTimer] INFO  c.n.e.r.AbstractInstanceRegistry - [,] - Running the evict task with compensationTime 4ms
2026-07-21 11:56:48.669 [Eureka-EvictionTimer] INFO  c.n.e.r.AbstractInstanceRegistry - [,] - Running the evict task with compensationTime 2ms
2026-07-21 11:56:53.669 [Eureka-EvictionTimer] INFO  c.n.e.r.AbstractInstanceRegistry - [,] - Running the evict task with compensationTime 0ms
2026-07-21 11:56:58.674 [Eureka-EvictionTimer] INFO  c.n.e.r.AbstractInstanceRegistry - [,] - Running the evict task with compensationTime 4ms
2026-07-21 11:57:03.677 [Eureka-EvictionTimer] INFO  c.n.e.r.AbstractInstanceRegistry - [,] - Running the evict task with compensationTime 2ms
2026-07-21 11:57:08.682 [Eureka-EvictionTimer] INFO  c.n.e.r.AbstractInstanceRegistry - [,] - Running the evict task with compensationTime 4ms
2026-07-21 11:57:13.683 [Eureka-EvictionTimer] INFO  c.n.e.r.AbstractInstanceRegistry - [,] - Running the evict task with compensationTime 1ms
2026-07-21 11:57:18.684 [Eureka-EvictionTimer] INFO  c.n.e.r.AbstractInstanceRegistry - [,] - Running the evict task with compensationTime 1ms
2026-07-21 11:57:23.689 [Eureka-EvictionTimer] INFO  c.n.e.r.AbstractInstanceRegistry - [,] - Running the evict task with compensationTime 4ms
2026-07-21 11:57:28.690 [Eureka-EvictionTimer] INFO  c.n.e.r.AbstractInstanceRegistry - [,] - Running the evict task with compensationTime 1ms
2026-07-21 11:57:33.694 [Eureka-EvictionTimer] INFO  c.n.e.r.AbstractInstanceRegistry - [,] - Running the evict task with compensationTime 3ms
2026-07-21 11:57:38.698 [Eureka-EvictionTimer] INFO  c.n.e.r.AbstractInstanceRegistry - [,] - Running the evict task with compensationTime 4ms
2026-07-21 11:57:43.703 [Eureka-EvictionTimer] INFO  c.n.e.r.AbstractInstanceRegistry - [,] - Running the evict task with compensationTime 4ms
2026-07-21 11:57:48.707 [Eureka-EvictionTimer] INFO  c.n.e.r.AbstractInstanceRegistry - [,] - Running the evict task with compensationTime 4ms
2026-07-21 11:57:53.712 [Eureka-EvictionTimer] INFO  c.n.e.r.AbstractInstanceRegistry - [,] - Running the evict task with compensationTime 5ms
2026-07-21 11:57:58.714 [Eureka-EvictionTimer] INFO  c.n.e.r.AbstractInstanceRegistry - [,] - Running the evict task with compensationTime 2ms
2026-07-21 11:58:03.716 [Eureka-EvictionTimer] INFO  c.n.e.r.AbstractInstanceRegistry - [,] - Running the evict task with compensationTime 1ms
2026-07-21 11:58:08.721 [Eureka-EvictionTimer] INFO  c.n.e.r.AbstractInstanceRegistry - [,] - Running the evict task with compensationTime 5ms
2026-07-21 11:58:13.722 [Eureka-EvictionTimer] INFO  c.n.e.r.AbstractInstanceRegistry - [,] - Running the evict task with compensationTime 0ms
2026-07-21 11:58:18.727 [Eureka-EvictionTimer] INFO  c.n.e.r.AbstractInstanceRegistry - [,] - Running the evict task with compensationTime 4ms
2026-07-21 11:58:23.733 [Eureka-EvictionTimer] INFO  c.n.e.r.AbstractInstanceRegistry - [,] - Running the evict task with compensationTime 5ms
2026-07-21 11:58:28.735 [Eureka-EvictionTimer] INFO  c.n.e.r.AbstractInstanceRegistry - [,] - Running the evict task with compensationTime 2ms
2026-07-21 11:58:33.740 [Eureka-EvictionTimer] INFO  c.n.e.r.AbstractInstanceRegistry - [,] - Running the evict task with compensationTime 5ms
2026-07-21 11:58:38.744 [Eureka-EvictionTimer] INFO  c.n.e.r.AbstractInstanceRegistry - [,] - Running the evict task with compensationTime 3ms
2026-07-21 11:58:43.747 [Eureka-EvictionTimer] INFO  c.n.e.r.AbstractInstanceRegistry - [,] - Running the evict task with compensationTime 2ms
2026-07-21 11:58:48.752 [Eureka-EvictionTimer] INFO  c.n.e.r.AbstractInstanceRegistry - [,] - Running the evict task with compensationTime 5ms
2026-07-21 11:58:53.756 [Eureka-EvictionTimer] INFO  c.n.e.r.AbstractInstanceRegistry - [,] - Running the evict task with compensationTime 3ms
2026-07-21 11:58:58.761 [Eureka-EvictionTimer] INFO  c.n.e.r.AbstractInstanceRegistry - [,] - Running the evict task with compensationTime 5ms
2026-07-21 11:59:03.763 [Eureka-EvictionTimer] INFO  c.n.e.r.AbstractInstanceRegistry - [,] - Running the evict task with compensationTime 1ms
2026-07-21 11:59:08.768 [Eureka-EvictionTimer] INFO  c.n.e.r.AbstractInstanceRegistry - [,] - Running the evict task with compensationTime 5ms
2026-07-21 11:59:13.773 [Eureka-EvictionTimer] INFO  c.n.e.r.AbstractInstanceRegistry - [,] - Running the evict task with compensationTime 4ms
2026-07-21 11:59:18.776 [Eureka-EvictionTimer] INFO  c.n.e.r.AbstractInstanceRegistry - [,] - Running the evict task with compensationTime 3ms
2026-07-21 11:59:23.781 [Eureka-EvictionTimer] INFO  c.n.e.r.AbstractInstanceRegistry - [,] - Running the evict task with compensationTime 4ms
2026-07-21 11:59:28.786 [Eureka-EvictionTimer] INFO  c.n.e.r.AbstractInstanceRegistry - [,] - Running the evict task with compensationTime 5ms
2026-07-21 11:59:33.787 [Eureka-EvictionTimer] INFO  c.n.e.r.AbstractInstanceRegistry - [,] - Running the evict task with compensationTime 0ms
2026-07-21 11:59:38.789 [Eureka-EvictionTimer] INFO  c.n.e.r.AbstractInstanceRegistry - [,] - Running the evict task with compensationTime 2ms
2026-07-21 11:59:43.794 [Eureka-EvictionTimer] INFO  c.n.e.r.AbstractInstanceRegistry - [,] - Running the evict task with compensationTime 4ms
2026-07-21 11:59:48.799 [Eureka-EvictionTimer] INFO  c.n.e.r.AbstractInstanceRegistry - [,] - Running the evict task with compensationTime 5ms
2026-07-21 11:59:53.802 [Eureka-EvictionTimer] INFO  c.n.e.r.AbstractInstanceRegistry - [,] - Running the evict task with compensationTime 2ms
2026-07-21 11:59:58.805 [Eureka-EvictionTimer] INFO  c.n.e.r.AbstractInstanceRegistry - [,] - Running the evict task with compensationTime 3ms
2026-07-21 12:00:03.810 [Eureka-EvictionTimer] INFO  c.n.e.r.AbstractInstanceRegistry - [,] - Running the evict task with compensationTime 4ms
2026-07-21 12:00:08.814 [Eureka-EvictionTimer] INFO  c.n.e.r.AbstractInstanceRegistry - [,] - Running the evict task with compensationTime 4ms
2026-07-21 12:00:13.818 [Eureka-EvictionTimer] INFO  c.n.e.r.AbstractInstanceRegistry - [,] - Running the evict task with compensationTime 3ms
2026-07-21 12:00:18.823 [Eureka-EvictionTimer] INFO  c.n.e.r.AbstractInstanceRegistry - [,] - Running the evict task with compensationTime 4ms
2026-07-21 12:00:23.828 [Eureka-EvictionTimer] INFO  c.n.e.r.AbstractInstanceRegistry - [,] - Running the evict task with compensationTime 5ms
2026-07-21 12:00:28.831 [Eureka-EvictionTimer] INFO  c.n.e.r.AbstractInstanceRegistry - [,] - Running the evict task with compensationTime 2ms
2026-07-21 12:00:33.834 [Eureka-EvictionTimer] INFO  c.n.e.r.AbstractInstanceRegistry - [,] - Running the evict task with compensationTime 3ms
2026-07-21 12:00:38.834 [Eureka-EvictionTimer] INFO  c.n.e.r.AbstractInstanceRegistry - [,] - Running the evict task with compensationTime 0ms
2026-07-21 12:00:43.839 [Eureka-EvictionTimer] INFO  c.n.e.r.AbstractInstanceRegistry - [,] - Running the evict task with compensationTime 4ms
2026-07-21 12:00:48.844 [Eureka-EvictionTimer] INFO  c.n.e.r.AbstractInstanceRegistry - [,] - Running the evict task with compensationTime 5ms
2026-07-21 12:00:53.849 [Eureka-EvictionTimer] INFO  c.n.e.r.AbstractInstanceRegistry - [,] - Running the evict task with compensationTime 4ms
2026-07-21 12:00:58.850 [Eureka-EvictionTimer] INFO  c.n.e.r.AbstractInstanceRegistry - [,] - Running the evict task with compensationTime 0ms
2026-07-21 12:01:03.852 [Eureka-EvictionTimer] INFO  c.n.e.r.AbstractInstanceRegistry - [,] - Running the evict task with compensationTime 2ms
2026-07-21 12:01:08.857 [Eureka-EvictionTimer] INFO  c.n.e.r.AbstractInstanceRegistry - [,] - Running the evict task with compensationTime 4ms
2026-07-21 12:01:13.859 [Eureka-EvictionTimer] INFO  c.n.e.r.AbstractInstanceRegistry - [,] - Running the evict task with compensationTime 2ms
2026-07-21 12:01:17.979 [Eureka-PeerNodesUpdater] WARN  c.n.eureka.cluster.PeerEurekaNodes - [,] - The replica size seems to be empty. Check the route 53 DNS Registry
2026-07-21 12:01:18.864 [Eureka-EvictionTimer] INFO  c.n.e.r.AbstractInstanceRegistry - [,] - Running the evict task with compensationTime 4ms
2026-07-21 12:01:23.869 [Eureka-EvictionTimer] INFO  c.n.e.r.AbstractInstanceRegistry - [,] - Running the evict task with compensationTime 5ms
2026-07-21 12:01:28.872 [Eureka-EvictionTimer] INFO  c.n.e.r.AbstractInstanceRegistry - [,] - Running the evict task with compensationTime 2ms
2026-07-21 12:01:33.877 [Eureka-EvictionTimer] INFO  c.n.e.r.AbstractInstanceRegistry - [,] - Running the evict task with compensationTime 5ms
2026-07-21 12:01:38.882 [Eureka-EvictionTimer] INFO  c.n.e.r.AbstractInstanceRegistry - [,] - Running the evict task with compensationTime 5ms
2026-07-21 12:01:43.887 [Eureka-EvictionTimer] INFO  c.n.e.r.AbstractInstanceRegistry - [,] - Running the evict task with compensationTime 5ms
2026-07-21 12:01:48.888 [Eureka-EvictionTimer] INFO  c.n.e.r.AbstractInstanceRegistry - [,] - Running the evict task with compensationTime 0ms
2026-07-21 12:01:53.892 [Eureka-EvictionTimer] INFO  c.n.e.r.AbstractInstanceRegistry - [,] - Running the evict task with compensationTime 4ms
2026-07-21 12:01:58.896 [Eureka-EvictionTimer] INFO  c.n.e.r.AbstractInstanceRegistry - [,] - Running the evict task with compensationTime 3ms
2026-07-21 12:02:03.901 [Eureka-EvictionTimer] INFO  c.n.e.r.AbstractInstanceRegistry - [,] - Running the evict task with compensationTime 5ms
2026-07-21 12:02:08.902 [Eureka-EvictionTimer] INFO  c.n.e.r.AbstractInstanceRegistry - [,] - Running the evict task with compensationTime 1ms
2026-07-21 12:02:13.902 [Eureka-EvictionTimer] INFO  c.n.e.r.AbstractInstanceRegistry - [,] - Running the evict task with compensationTime 0ms
2026-07-21 12:02:18.904 [Eureka-EvictionTimer] INFO  c.n.e.r.AbstractInstanceRegistry - [,] - Running the evict task with compensationTime 1ms
2026-07-21 12:02:23.908 [Eureka-EvictionTimer] INFO  c.n.e.r.AbstractInstanceRegistry - [,] - Running the evict task with compensationTime 4ms
2026-07-21 12:02:28.913 [Eureka-EvictionTimer] INFO  c.n.e.r.AbstractInstanceRegistry - [,] - Running the evict task with compensationTime 4ms
2026-07-21 12:02:33.914 [Eureka-EvictionTimer] INFO  c.n.e.r.AbstractInstanceRegistry - [,] - Running the evict task with compensationTime 0ms
2026-07-21 12:02:38.918 [Eureka-EvictionTimer] INFO  c.n.e.r.AbstractInstanceRegistry - [,] - Running the evict task with compensationTime 4ms
2026-07-21 12:02:43.922 [Eureka-EvictionTimer] INFO  c.n.e.r.AbstractInstanceRegistry - [,] - Running the evict task with compensationTime 4ms
2026-07-21 12:02:48.922 [Eureka-EvictionTimer] INFO  c.n.e.r.AbstractInstanceRegistry - [,] - Running the evict task with compensationTime 0ms
2026-07-21 12:02:53.927 [Eureka-EvictionTimer] INFO  c.n.e.r.AbstractInstanceRegistry - [,] - Running the evict task with compensationTime 5ms
2026-07-21 12:02:58.930 [Eureka-EvictionTimer] INFO  c.n.e.r.AbstractInstanceRegistry - [,] - Running the evict task with compensationTime 2ms
2026-07-21 12:03:03.935 [Eureka-EvictionTimer] INFO  c.n.e.r.AbstractInstanceRegistry - [,] - Running the evict task with compensationTime 5ms
2026-07-21 12:03:08.939 [Eureka-EvictionTimer] INFO  c.n.e.r.AbstractInstanceRegistry - [,] - Running the evict task with compensationTime 3ms
2026-07-21 12:03:13.942 [Eureka-EvictionTimer] INFO  c.n.e.r.AbstractInstanceRegistry - [,] - Running the evict task with compensationTime 3ms
2026-07-21 12:03:18.947 [Eureka-EvictionTimer] INFO  c.n.e.r.AbstractInstanceRegistry - [,] - Running the evict task with compensationTime 5ms
2026-07-21 12:03:23.953 [Eureka-EvictionTimer] INFO  c.n.e.r.AbstractInstanceRegistry - [,] - Running the evict task with compensationTime 5ms
2026-07-21 12:03:27.291 [http-nio-8761-exec-6] INFO  c.n.e.r.AbstractInstanceRegistry - [,] - Registered instance ACCOUNT-SERVICE/10.132.127.211:account-service:9001 with status DOWN (replication=false)
2026-07-21 12:03:28.958 [Eureka-EvictionTimer] INFO  c.n.e.r.AbstractInstanceRegistry - [,] - Running the evict task with compensationTime 5ms
2026-07-21 12:03:32.155 [http-nio-8761-exec-10] INFO  c.n.e.r.AbstractInstanceRegistry - [,] - Registered instance ACCOUNT-SERVICE/10.132.127.211:account-service:9001 with status UP (replication=false)
2026-07-21 12:03:32.419 [http-nio-8761-exec-4] INFO  c.n.e.r.AbstractInstanceRegistry - [,] - Cancelled instance ACCOUNT-SERVICE/10.132.127.211:account-service:9001 (replication=false)
2026-07-21 12:03:33.961 [Eureka-EvictionTimer] INFO  c.n.e.r.AbstractInstanceRegistry - [,] - Running the evict task with compensationTime 3ms
2026-07-21 12:03:38.966 [Eureka-EvictionTimer] INFO  c.n.e.r.AbstractInstanceRegistry - [,] - Running the evict task with compensationTime 5ms
2026-07-21 12:03:43.969 [Eureka-EvictionTimer] INFO  c.n.e.r.AbstractInstanceRegistry - [,] - Running the evict task with compensationTime 2ms
2026-07-21 12:03:48.974 [Eureka-EvictionTimer] INFO  c.n.e.r.AbstractInstanceRegistry - [,] - Running the evict task with compensationTime 5ms
2026-07-21 12:03:53.979 [Eureka-EvictionTimer] INFO  c.n.e.r.AbstractInstanceRegistry - [,] - Running the evict task with compensationTime 4ms
2026-07-21 12:03:58.984 [Eureka-EvictionTimer] INFO  c.n.e.r.AbstractInstanceRegistry - [,] - Running the evict task with compensationTime 5ms
2026-07-21 12:04:02.154 [http-nio-8761-exec-1] WARN  c.n.e.r.AbstractInstanceRegistry - [,] - DS: Registry: lease doesn't exist, registering resource: ACCOUNT-SERVICE - 10.132.127.211:account-service:9001
2026-07-21 12:04:02.157 [http-nio-8761-exec-1] WARN  c.n.e.resources.InstanceResource - [,] - Not Found (Renew): ACCOUNT-SERVICE - 10.132.127.211:account-service:9001
2026-07-21 12:04:02.168 [http-nio-8761-exec-3] INFO  c.n.e.r.AbstractInstanceRegistry - [,] - Registered instance ACCOUNT-SERVICE/10.132.127.211:account-service:9001 with status UP (replication=false)
2026-07-21 12:04:03.989 [Eureka-EvictionTimer] INFO  c.n.e.r.AbstractInstanceRegistry - [,] - Running the evict task with compensationTime 5ms
2026-07-21 12:04:08.994 [Eureka-EvictionTimer] INFO  c.n.e.r.AbstractInstanceRegistry - [,] - Running the evict task with compensationTime 5ms
2026-07-21 12:04:13.996 [Eureka-EvictionTimer] INFO  c.n.e.r.AbstractInstanceRegistry - [,] - Running the evict task with compensationTime 1ms
2026-07-21 12:04:18.998 [Eureka-EvictionTimer] INFO  c.n.e.r.AbstractInstanceRegistry - [,] - Running the evict task with compensationTime 1ms
2026-07-21 12:04:24.000 [Eureka-EvictionTimer] INFO  c.n.e.r.AbstractInstanceRegistry - [,] - Running the evict task with compensationTime 1ms
2026-07-21 12:04:29.002 [Eureka-EvictionTimer] INFO  c.n.e.r.AbstractInstanceRegistry - [,] - Running the evict task with compensationTime 2ms
2026-07-21 12:04:34.005 [Eureka-EvictionTimer] INFO  c.n.e.r.AbstractInstanceRegistry - [,] - Running the evict task with compensationTime 3ms
2026-07-21 12:04:39.009 [Eureka-EvictionTimer] INFO  c.n.e.r.AbstractInstanceRegistry - [,] - Running the evict task with compensationTime 4ms
2026-07-21 12:04:44.013 [Eureka-EvictionTimer] INFO  c.n.e.r.AbstractInstanceRegistry - [,] - Running the evict task with compensationTime 3ms
2026-07-21 12:04:49.017 [Eureka-EvictionTimer] INFO  c.n.e.r.AbstractInstanceRegistry - [,] - Running the evict task with compensationTime 4ms
2026-07-21 12:04:54.022 [Eureka-EvictionTimer] INFO  c.n.e.r.AbstractInstanceRegistry - [,] - Running the evict task with compensationTime 4ms
2026-07-21 12:04:59.022 [Eureka-EvictionTimer] INFO  c.n.e.r.AbstractInstanceRegistry - [,] - Running the evict task with compensationTime 0ms
2026-07-21 12:05:04.026 [Eureka-EvictionTimer] INFO  c.n.e.r.AbstractInstanceRegistry - [,] - Running the evict task with compensationTime 3ms
2026-07-21 12:05:09.031 [Eureka-EvictionTimer] INFO  c.n.e.r.AbstractInstanceRegistry - [,] - Running the evict task with compensationTime 4ms
2026-07-21 12:05:14.032 [Eureka-EvictionTimer] INFO  c.n.e.r.AbstractInstanceRegistry - [,] - Running the evict task with compensationTime 1ms
2026-07-21 12:05:19.037 [Eureka-EvictionTimer] INFO  c.n.e.r.AbstractInstanceRegistry - [,] - Running the evict task with compensationTime 4ms
2026-07-21 12:05:24.040 [Eureka-EvictionTimer] INFO  c.n.e.r.AbstractInstanceRegistry - [,] - Running the evict task with compensationTime 2ms
