2026-07-20 22:58:55.230 [main] INFO  c.t.w.WalletServiceApplication - [,] - Starting WalletServiceApplication using Java 25.0.2 with PID 23439 (/Users/prayas.yadav/Desktop/banking-test/Banking-Microservices/wallet-service/target/classes started by prayas.yadav in /Users/prayas.yadav/Desktop/banking-test/Banking-Microservices/wallet-service)
2026-07-20 22:58:55.232 [main] DEBUG c.t.w.WalletServiceApplication - [,] - Running with Spring Boot v3.5.16, Spring v6.2.19
2026-07-20 22:58:55.232 [main] INFO  c.t.w.WalletServiceApplication - [,] - The following 1 profile is active: "dev"
2026-07-20 22:58:55.693 [main] INFO  o.s.d.r.c.RepositoryConfigurationDelegate - [,] - Bootstrapping Spring Data MongoDB repositories in DEFAULT mode.
2026-07-20 22:58:55.752 [main] INFO  o.s.d.r.c.RepositoryConfigurationDelegate - [,] - Finished Spring Data repository scanning in 56 ms. Found 1 MongoDB repository interface.
2026-07-20 22:58:55.825 [main] INFO  o.s.cloud.context.scope.GenericScope - [,] - BeanFactory id=9134be6b-2092-3be6-8229-d8cf2d3da4e1
2026-07-20 22:58:55.932 [main] INFO  o.s.b.w.e.tomcat.TomcatWebServer - [,] - Tomcat initialized with port 8084 (http)
2026-07-20 22:58:55.939 [main] INFO  o.a.catalina.core.StandardService - [,] - Starting service [Tomcat]
2026-07-20 22:58:55.939 [main] INFO  o.a.catalina.core.StandardEngine - [,] - Starting Servlet engine: [Apache Tomcat/10.1.55]
2026-07-20 22:58:55.974 [main] INFO  o.a.c.c.C.[Tomcat].[localhost].[/] - [,] - Initializing Spring embedded WebApplicationContext
2026-07-20 22:58:55.975 [main] INFO  o.s.b.w.s.c.ServletWebServerApplicationContext - [,] - Root WebApplicationContext: initialization completed in 728 ms
2026-07-20 22:58:56.219 [main] INFO  org.mongodb.driver.client - [,] - MongoClient with metadata {"driver": {"name": "mongo-java-driver|sync|spring-boot", "version": "5.5.2"}, "os": {"type": "Darwin", "name": "Mac OS X", "architecture": "aarch64", "version": "26.5.2"}, "platform": "Java/Oracle Corporation/25.0.2+10-LTS-69"} created with settings MongoClientSettings{readPreference=primary, writeConcern=WriteConcern{w=null, wTimeout=null ms, journal=null}, retryWrites=true, retryReads=true, readConcern=ReadConcern{level=null}, credential=null, transportSettings=null, commandListeners=[io.micrometer.core.instrument.binder.mongodb.MongoMetricsCommandListener@3df3410a], codecRegistry=ProvidersCodecRegistry{codecProviders=[ValueCodecProvider{}, BsonValueCodecProvider{}, DBRefCodecProvider{}, DBObjectCodecProvider{}, DocumentCodecProvider{}, CollectionCodecProvider{}, IterableCodecProvider{}, MapCodecProvider{}, GeoJsonCodecProvider{}, GridFSFileCodecProvider{}, Jsr310CodecProvider{}, JsonObjectCodecProvider{}, BsonCodecProvider{}, EnumCodecProvider{}, com.mongodb.client.model.mql.ExpressionCodecProvider@670c171c, com.mongodb.Jep395RecordCodecProvider@61d42275, com.mongodb.KotlinCodecProvider@6614289a]}, loggerSettings=LoggerSettings{maxDocumentLength=1000}, clusterSettings={hosts=[localhost:27017], srvServiceName=mongodb, mode=SINGLE, requiredClusterType=UNKNOWN, requiredReplicaSetName='null', serverSelector='null', clusterListeners='[]', serverSelectionTimeout='30000 ms', localThreshold='15 ms'}, socketSettings=SocketSettings{connectTimeoutMS=10000, readTimeoutMS=0, receiveBufferSize=0, proxySettings=ProxySettings{host=null, port=null, username=null, password=null}}, heartbeatSocketSettings=SocketSettings{connectTimeoutMS=10000, readTimeoutMS=10000, receiveBufferSize=0, proxySettings=ProxySettings{host=null, port=null, username=null, password=null}}, connectionPoolSettings=ConnectionPoolSettings{maxSize=100, minSize=0, maxWaitTimeMS=120000, maxConnectionLifeTimeMS=0, maxConnectionIdleTimeMS=0, maintenanceInitialDelayMS=0, maintenanceFrequencyMS=60000, connectionPoolListeners=[io.micrometer.core.instrument.binder.mongodb.MongoMetricsConnectionPoolListener@4148ce43], maxConnecting=2}, serverSettings=ServerSettings{heartbeatFrequencyMS=10000, minHeartbeatFrequencyMS=500, serverMonitoringMode=AUTO, serverListeners='[]', serverMonitorListeners='[]'}, sslSettings=SslSettings{enabled=false, invalidHostNameAllowed=false, context=null}, applicationName='null', compressorList=[], uuidRepresentation=JAVA_LEGACY, serverApi=null, autoEncryptionSettings=null, dnsClient=null, inetAddressResolver=null, contextProvider=null, timeoutMS=null}
2026-07-20 22:58:56.230 [cluster-ClusterId{value='6a5e5ad8a9603dd3848b049c', description='null'}-localhost:27017] INFO  org.mongodb.driver.cluster - [,] - Monitor thread successfully connected to server with description ServerDescription{address=localhost:27017, type=STANDALONE, cryptd=false, state=CONNECTED, ok=true, minWireVersion=0, maxWireVersion=25, maxDocumentSize=16777216, logicalSessionTimeoutMinutes=30, roundTripTimeNanos=8385667, minRoundTripTimeNanos=0}
2026-07-20 22:58:56.635 [main] INFO  o.s.c.n.e.c.DiscoveryClientOptionalArgsConfiguration - [,] - Eureka HTTP Client uses RestTemplate.
2026-07-20 22:58:56.649 [main] WARN  o.s.c.l.c.LoadBalancerCacheAutoConfiguration$LoadBalancerCaffeineWarnLogger - [,] - Spring Cloud LoadBalancer is currently working with the default cache. While this cache implementation is useful for development and tests, it's recommended to use Caffeine cache in production.You can switch to using Caffeine cache, by adding it and org.springframework.cache.caffeine.CaffeineCacheManager to the classpath.
2026-07-20 22:58:56.651 [main] INFO  o.s.b.a.e.web.EndpointLinksResolver - [,] - Exposing 6 endpoints beneath base path '/actuator'
2026-07-20 22:58:56.674 [main] INFO  o.s.c.n.eureka.InstanceInfoFactory - [,] - Setting initial instance status as: STARTING
2026-07-20 22:58:56.681 [main] INFO  c.netflix.discovery.DiscoveryClient - [,] - Initializing Eureka in region us-east-1
2026-07-20 22:58:56.682 [main] INFO  c.n.d.s.r.aws.ConfigClusterResolver - [,] - Resolving eureka endpoints via configuration
2026-07-20 22:58:56.685 [main] INFO  c.netflix.discovery.DiscoveryClient - [,] - Disable delta property : false
2026-07-20 22:58:56.685 [main] INFO  c.netflix.discovery.DiscoveryClient - [,] - Single vip registry refresh property : null
2026-07-20 22:58:56.685 [main] INFO  c.netflix.discovery.DiscoveryClient - [,] - Force full registry fetch : false
2026-07-20 22:58:56.685 [main] INFO  c.netflix.discovery.DiscoveryClient - [,] - Application is null : false
2026-07-20 22:58:56.685 [main] INFO  c.netflix.discovery.DiscoveryClient - [,] - Registered Applications size is zero : true
2026-07-20 22:58:56.685 [main] INFO  c.netflix.discovery.DiscoveryClient - [,] - Application version is -1: true
2026-07-20 22:58:56.685 [main] INFO  c.netflix.discovery.DiscoveryClient - [,] - Getting all instance registry info from the eureka server
2026-07-20 22:58:56.803 [main] INFO  c.netflix.discovery.DiscoveryClient - [,] - The response status is 200
2026-07-20 22:58:56.803 [main] INFO  c.netflix.discovery.DiscoveryClient - [,] - Starting heartbeat executor: renew interval is: 30
2026-07-20 22:58:56.804 [main] INFO  c.n.discovery.InstanceInfoReplicator - [,] - InstanceInfoReplicator onDemand update allowed rate per min is 4
2026-07-20 22:58:56.804 [main] INFO  c.netflix.discovery.DiscoveryClient - [,] - Discovery Client initialized at timestamp 1784568536804 with initial instances count: 0
2026-07-20 22:58:56.806 [main] INFO  o.s.c.n.e.s.EurekaServiceRegistry - [,] - Registering application WALLET-SERVICE with eureka with status UP
2026-07-20 22:58:56.806 [main] INFO  c.netflix.discovery.DiscoveryClient - [,] - Saw local status change event StatusChangeEvent [timestamp=1784568536806, current=UP, previous=STARTING]
2026-07-20 22:58:56.806 [DiscoveryClient-InstanceInfoReplicator-%d] INFO  c.netflix.discovery.DiscoveryClient - [,] - DiscoveryClient_WALLET-SERVICE/192.168.29.204:wallet-service:8084: registering service...
2026-07-20 22:58:56.810 [main] INFO  o.s.b.w.e.tomcat.TomcatWebServer - [,] - Tomcat started on port 8084 (http) with context path '/'
2026-07-20 22:58:56.811 [main] INFO  o.s.c.n.e.s.EurekaAutoServiceRegistration - [,] - Updating port to 8084
2026-07-20 22:58:56.820 [main] INFO  c.t.w.WalletServiceApplication - [,] - Started WalletServiceApplication in 1.824 seconds (process running for 2.027)
2026-07-20 22:58:56.825 [DiscoveryClient-InstanceInfoReplicator-%d] INFO  c.netflix.discovery.DiscoveryClient - [,] - DiscoveryClient_WALLET-SERVICE/192.168.29.204:wallet-service:8084 - registration status: 204
2026-07-20 22:58:57.849 [AsyncReporter{ZipkinHttpClientSender{http://localhost:9411/api/v2/spans}}] WARN  z.r.i.AsyncReporter$BoundedAsyncReporter - [,] - Spans were dropped due to exceptions. All subsequent errors will be logged at FINE level.
2026-07-20 22:58:57.849 [AsyncReporter{ZipkinHttpClientSender{http://localhost:9411/api/v2/spans}}] WARN  z.r.i.AsyncReporter$BoundedAsyncReporter - [,] - Dropped 2 spans due to ConnectException()
java.net.ConnectException
	at java.net.http/jdk.internal.net.http.HttpClientImpl.send(HttpClientImpl.java:923)
	at java.net.http/jdk.internal.net.http.HttpClientFacade.send(HttpClientFacade.java:133)
	at org.springframework.boot.actuate.autoconfigure.tracing.zipkin.ZipkinHttpClientSender.postSpans(ZipkinHttpClientSender.java:60)
	at org.springframework.boot.actuate.autoconfigure.tracing.zipkin.HttpSender.postSpans(HttpSender.java:69)
	at org.springframework.boot.actuate.autoconfigure.tracing.zipkin.HttpSender.postSpans(HttpSender.java:41)
	at zipkin2.reporter.BaseHttpSender.send(BaseHttpSender.java:123)
	at zipkin2.reporter.internal.AsyncReporter$BoundedAsyncReporter.flush(AsyncReporter.java:266)
	at zipkin2.reporter.internal.AsyncReporter$Flusher.run(AsyncReporter.java:352)
	at java.base/java.lang.Thread.run(Thread.java:1474)
Caused by: java.net.ConnectException
	at java.net.http/jdk.internal.net.http.common.Utils.toConnectException(Utils.java:1070)
	at java.net.http/jdk.internal.net.http.PlainHttpConnection.connectAsync(PlainHttpConnection.java:223)
	at java.net.http/jdk.internal.net.http.PlainHttpConnection.checkRetryConnect(PlainHttpConnection.java:277)
	at java.net.http/jdk.internal.net.http.PlainHttpConnection.lambda$connectAsync$0(PlainHttpConnection.java:235)
	at java.base/java.util.concurrent.CompletableFuture.uniHandle(CompletableFuture.java:955)
	at java.base/java.util.concurrent.CompletableFuture$UniHandle.tryFire(CompletableFuture.java:932)
	at java.base/java.util.concurrent.CompletableFuture.postComplete(CompletableFuture.java:531)
	at java.base/java.util.concurrent.CompletableFuture$AsyncSupply.run(CompletableFuture.java:1794)
	at java.base/java.util.concurrent.ThreadPoolExecutor.runWorker(ThreadPoolExecutor.java:1090)
	at java.base/java.util.concurrent.ThreadPoolExecutor$Worker.run(ThreadPoolExecutor.java:614)
	... 1 common frames omitted
Caused by: java.nio.channels.ClosedChannelException
	at java.base/sun.nio.ch.SocketChannelImpl.ensureOpen(SocketChannelImpl.java:204)
	at java.base/sun.nio.ch.SocketChannelImpl.connect(SocketChannelImpl.java:942)
	at java.net.http/jdk.internal.net.http.PlainHttpConnection.connectAsync(PlainHttpConnection.java:211)
	... 9 common frames omitted
2026-07-20 22:59:26.809 [DiscoveryClient-CacheRefreshExecutor-%d] INFO  c.netflix.discovery.DiscoveryClient - [,] - Disable delta property : false
2026-07-20 22:59:26.810 [DiscoveryClient-CacheRefreshExecutor-%d] INFO  c.netflix.discovery.DiscoveryClient - [,] - Single vip registry refresh property : null
2026-07-20 22:59:26.810 [DiscoveryClient-CacheRefreshExecutor-%d] INFO  c.netflix.discovery.DiscoveryClient - [,] - Force full registry fetch : false
2026-07-20 22:59:26.810 [DiscoveryClient-CacheRefreshExecutor-%d] INFO  c.netflix.discovery.DiscoveryClient - [,] - Application is null : false
2026-07-20 22:59:26.810 [DiscoveryClient-CacheRefreshExecutor-%d] INFO  c.netflix.discovery.DiscoveryClient - [,] - Registered Applications size is zero : true
2026-07-20 22:59:26.811 [DiscoveryClient-CacheRefreshExecutor-%d] INFO  c.netflix.discovery.DiscoveryClient - [,] - Application version is -1: false
2026-07-20 22:59:26.811 [DiscoveryClient-CacheRefreshExecutor-%d] INFO  c.netflix.discovery.DiscoveryClient - [,] - Getting all instance registry info from the eureka server
2026-07-20 22:59:26.837 [DiscoveryClient-CacheRefreshExecutor-%d] INFO  c.netflix.discovery.DiscoveryClient - [,] - The response status is 200
2026-07-20 23:02:50.234 [http-nio-8084-exec-2] INFO  o.a.c.c.C.[Tomcat].[localhost].[/] - [,] - Initializing Spring DispatcherServlet 'dispatcherServlet'
2026-07-20 23:02:50.235 [http-nio-8084-exec-2] INFO  o.s.web.servlet.DispatcherServlet - [,] - Initializing Servlet 'dispatcherServlet'
2026-07-20 23:02:50.236 [http-nio-8084-exec-2] INFO  o.s.web.servlet.DispatcherServlet - [,] - Completed initialization in 1 ms
2026-07-20 23:02:50.410 [http-nio-8084-exec-2] INFO  o.s.api.AbstractOpenApiResource - [6a5e5bc29389d3fb59f4bb446d547cb1,a4f7cdfb738a8625] - Init duration for springdoc-openapi is: 163 ms
2026-07-20 23:03:56.695 [AsyncResolver-bootstrap-executor-%d] INFO  c.n.d.s.r.aws.ConfigClusterResolver - [,] - Resolving eureka endpoints via configuration
2026-07-20 23:03:59.281 [SpringApplicationShutdownHook] INFO  o.s.c.n.e.s.EurekaServiceRegistry - [,] - Unregistering application WALLET-SERVICE with eureka with status DOWN
2026-07-20 23:03:59.281 [SpringApplicationShutdownHook] INFO  c.netflix.discovery.DiscoveryClient - [,] - Saw local status change event StatusChangeEvent [timestamp=1784568839281, current=DOWN, previous=UP]
2026-07-20 23:03:59.282 [DiscoveryClient-InstanceInfoReplicator-%d] INFO  c.netflix.discovery.DiscoveryClient - [,] - DiscoveryClient_WALLET-SERVICE/192.168.29.204:wallet-service:8084: registering service...
2026-07-20 23:03:59.284 [SpringApplicationShutdownHook] INFO  o.s.b.w.e.tomcat.GracefulShutdown - [,] - Commencing graceful shutdown. Waiting for active requests to complete
2026-07-20 23:03:59.286 [tomcat-shutdown] INFO  o.s.b.w.e.tomcat.GracefulShutdown - [,] - Graceful shutdown complete
2026-07-20 23:03:59.289 [DiscoveryClient-InstanceInfoReplicator-%d] INFO  c.netflix.discovery.DiscoveryClient - [,] - DiscoveryClient_WALLET-SERVICE/192.168.29.204:wallet-service:8084 - registration status: 204
2026-07-20 23:03:59.922 [SpringApplicationShutdownHook] INFO  c.netflix.discovery.DiscoveryClient - [,] - Shutting down DiscoveryClient ...
2026-07-20 23:04:30.813 [main] INFO  c.t.w.WalletServiceApplication - [,] - Starting WalletServiceApplication using Java 25.0.2 with PID 24655 (/Users/prayas.yadav/Desktop/banking-test/Banking-Microservices/wallet-service/target/classes started by prayas.yadav in /Users/prayas.yadav/Desktop/banking-test/Banking-Microservices/wallet-service)
2026-07-20 23:04:30.814 [main] DEBUG c.t.w.WalletServiceApplication - [,] - Running with Spring Boot v3.5.16, Spring v6.2.19
2026-07-20 23:04:30.814 [main] INFO  c.t.w.WalletServiceApplication - [,] - The following 1 profile is active: "dev"
2026-07-20 23:04:31.264 [main] INFO  o.s.d.r.c.RepositoryConfigurationDelegate - [,] - Bootstrapping Spring Data MongoDB repositories in DEFAULT mode.
2026-07-20 23:04:31.318 [main] INFO  o.s.d.r.c.RepositoryConfigurationDelegate - [,] - Finished Spring Data repository scanning in 51 ms. Found 1 MongoDB repository interface.
2026-07-20 23:04:31.388 [main] INFO  o.s.cloud.context.scope.GenericScope - [,] - BeanFactory id=9134be6b-2092-3be6-8229-d8cf2d3da4e1
2026-07-20 23:04:31.496 [main] INFO  o.s.b.w.e.tomcat.TomcatWebServer - [,] - Tomcat initialized with port 8084 (http)
2026-07-20 23:04:31.502 [main] INFO  o.a.catalina.core.StandardService - [,] - Starting service [Tomcat]
2026-07-20 23:04:31.502 [main] INFO  o.a.catalina.core.StandardEngine - [,] - Starting Servlet engine: [Apache Tomcat/10.1.55]
2026-07-20 23:04:31.538 [main] INFO  o.a.c.c.C.[Tomcat].[localhost].[/] - [,] - Initializing Spring embedded WebApplicationContext
2026-07-20 23:04:31.539 [main] INFO  o.s.b.w.s.c.ServletWebServerApplicationContext - [,] - Root WebApplicationContext: initialization completed in 705 ms
2026-07-20 23:04:31.749 [main] INFO  org.mongodb.driver.client - [,] - MongoClient with metadata {"driver": {"name": "mongo-java-driver|sync|spring-boot", "version": "5.5.2"}, "os": {"type": "Darwin", "name": "Mac OS X", "architecture": "aarch64", "version": "26.5.2"}, "platform": "Java/Oracle Corporation/25.0.2+10-LTS-69"} created with settings MongoClientSettings{readPreference=primary, writeConcern=WriteConcern{w=null, wTimeout=null ms, journal=null}, retryWrites=true, retryReads=true, readConcern=ReadConcern{level=null}, credential=null, transportSettings=null, commandListeners=[io.micrometer.core.instrument.binder.mongodb.MongoMetricsCommandListener@3df3410a], codecRegistry=ProvidersCodecRegistry{codecProviders=[ValueCodecProvider{}, BsonValueCodecProvider{}, DBRefCodecProvider{}, DBObjectCodecProvider{}, DocumentCodecProvider{}, CollectionCodecProvider{}, IterableCodecProvider{}, MapCodecProvider{}, GeoJsonCodecProvider{}, GridFSFileCodecProvider{}, Jsr310CodecProvider{}, JsonObjectCodecProvider{}, BsonCodecProvider{}, EnumCodecProvider{}, com.mongodb.client.model.mql.ExpressionCodecProvider@670c171c, com.mongodb.Jep395RecordCodecProvider@61d42275, com.mongodb.KotlinCodecProvider@6614289a]}, loggerSettings=LoggerSettings{maxDocumentLength=1000}, clusterSettings={hosts=[localhost:27017], srvServiceName=mongodb, mode=SINGLE, requiredClusterType=UNKNOWN, requiredReplicaSetName='null', serverSelector='null', clusterListeners='[]', serverSelectionTimeout='30000 ms', localThreshold='15 ms'}, socketSettings=SocketSettings{connectTimeoutMS=10000, readTimeoutMS=0, receiveBufferSize=0, proxySettings=ProxySettings{host=null, port=null, username=null, password=null}}, heartbeatSocketSettings=SocketSettings{connectTimeoutMS=10000, readTimeoutMS=10000, receiveBufferSize=0, proxySettings=ProxySettings{host=null, port=null, username=null, password=null}}, connectionPoolSettings=ConnectionPoolSettings{maxSize=100, minSize=0, maxWaitTimeMS=120000, maxConnectionLifeTimeMS=0, maxConnectionIdleTimeMS=0, maintenanceInitialDelayMS=0, maintenanceFrequencyMS=60000, connectionPoolListeners=[io.micrometer.core.instrument.binder.mongodb.MongoMetricsConnectionPoolListener@4148ce43], maxConnecting=2}, serverSettings=ServerSettings{heartbeatFrequencyMS=10000, minHeartbeatFrequencyMS=500, serverMonitoringMode=AUTO, serverListeners='[]', serverMonitorListeners='[]'}, sslSettings=SslSettings{enabled=false, invalidHostNameAllowed=false, context=null}, applicationName='null', compressorList=[], uuidRepresentation=JAVA_LEGACY, serverApi=null, autoEncryptionSettings=null, dnsClient=null, inetAddressResolver=null, contextProvider=null, timeoutMS=null}
2026-07-20 23:04:31.759 [cluster-ClusterId{value='6a5e5c2775704b25e7c5c2d3', description='null'}-localhost:27017] INFO  org.mongodb.driver.cluster - [,] - Monitor thread successfully connected to server with description ServerDescription{address=localhost:27017, type=STANDALONE, cryptd=false, state=CONNECTED, ok=true, minWireVersion=0, maxWireVersion=25, maxDocumentSize=16777216, logicalSessionTimeoutMinutes=30, roundTripTimeNanos=7762625, minRoundTripTimeNanos=0}
2026-07-20 23:04:32.085 [main] INFO  o.s.c.n.e.c.DiscoveryClientOptionalArgsConfiguration - [,] - Eureka HTTP Client uses RestTemplate.
2026-07-20 23:04:32.097 [main] WARN  o.s.c.l.c.LoadBalancerCacheAutoConfiguration$LoadBalancerCaffeineWarnLogger - [,] - Spring Cloud LoadBalancer is currently working with the default cache. While this cache implementation is useful for development and tests, it's recommended to use Caffeine cache in production.You can switch to using Caffeine cache, by adding it and org.springframework.cache.caffeine.CaffeineCacheManager to the classpath.
2026-07-20 23:04:32.099 [main] INFO  o.s.b.a.e.web.EndpointLinksResolver - [,] - Exposing 6 endpoints beneath base path '/actuator'
2026-07-20 23:04:32.121 [main] INFO  o.s.c.n.eureka.InstanceInfoFactory - [,] - Setting initial instance status as: STARTING
2026-07-20 23:04:32.128 [main] INFO  c.netflix.discovery.DiscoveryClient - [,] - Initializing Eureka in region us-east-1
2026-07-20 23:04:32.130 [main] INFO  c.n.d.s.r.aws.ConfigClusterResolver - [,] - Resolving eureka endpoints via configuration
2026-07-20 23:04:32.132 [main] INFO  c.netflix.discovery.DiscoveryClient - [,] - Disable delta property : false
2026-07-20 23:04:32.133 [main] INFO  c.netflix.discovery.DiscoveryClient - [,] - Single vip registry refresh property : null
2026-07-20 23:04:32.133 [main] INFO  c.netflix.discovery.DiscoveryClient - [,] - Force full registry fetch : false
2026-07-20 23:04:32.133 [main] INFO  c.netflix.discovery.DiscoveryClient - [,] - Application is null : false
2026-07-20 23:04:32.133 [main] INFO  c.netflix.discovery.DiscoveryClient - [,] - Registered Applications size is zero : true
2026-07-20 23:04:32.133 [main] INFO  c.netflix.discovery.DiscoveryClient - [,] - Application version is -1: true
2026-07-20 23:04:32.133 [main] INFO  c.netflix.discovery.DiscoveryClient - [,] - Getting all instance registry info from the eureka server
2026-07-20 23:04:32.249 [main] INFO  c.netflix.discovery.DiscoveryClient - [,] - The response status is 200
2026-07-20 23:04:32.250 [main] INFO  c.netflix.discovery.DiscoveryClient - [,] - Starting heartbeat executor: renew interval is: 30
2026-07-20 23:04:32.251 [main] INFO  c.n.discovery.InstanceInfoReplicator - [,] - InstanceInfoReplicator onDemand update allowed rate per min is 4
2026-07-20 23:04:32.254 [main] INFO  c.netflix.discovery.DiscoveryClient - [,] - Discovery Client initialized at timestamp 1784568872253 with initial instances count: 6
2026-07-20 23:04:32.255 [main] INFO  o.s.c.n.e.s.EurekaServiceRegistry - [,] - Registering application WALLET-SERVICE with eureka with status UP
2026-07-20 23:04:32.255 [main] INFO  c.netflix.discovery.DiscoveryClient - [,] - Saw local status change event StatusChangeEvent [timestamp=1784568872255, current=UP, previous=STARTING]
2026-07-20 23:04:32.256 [DiscoveryClient-InstanceInfoReplicator-%d] INFO  c.netflix.discovery.DiscoveryClient - [,] - DiscoveryClient_WALLET-SERVICE/192.168.29.204:wallet-service:8084: registering service...
2026-07-20 23:04:32.259 [main] INFO  o.s.b.w.e.tomcat.TomcatWebServer - [,] - Tomcat started on port 8084 (http) with context path '/'
2026-07-20 23:04:32.259 [main] INFO  o.s.c.n.e.s.EurekaAutoServiceRegistration - [,] - Updating port to 8084
2026-07-20 23:04:32.268 [main] INFO  c.t.w.WalletServiceApplication - [,] - Started WalletServiceApplication in 1.687 seconds (process running for 1.94)
2026-07-20 23:04:32.273 [DiscoveryClient-InstanceInfoReplicator-%d] INFO  c.netflix.discovery.DiscoveryClient - [,] - DiscoveryClient_WALLET-SERVICE/192.168.29.204:wallet-service:8084 - registration status: 204
2026-07-20 23:04:33.265 [AsyncReporter{ZipkinHttpClientSender{http://localhost:9411/api/v2/spans}}] WARN  z.r.i.AsyncReporter$BoundedAsyncReporter - [,] - Spans were dropped due to exceptions. All subsequent errors will be logged at FINE level.
2026-07-20 23:04:33.265 [AsyncReporter{ZipkinHttpClientSender{http://localhost:9411/api/v2/spans}}] WARN  z.r.i.AsyncReporter$BoundedAsyncReporter - [,] - Dropped 2 spans due to ConnectException()
java.net.ConnectException
	at java.net.http/jdk.internal.net.http.HttpClientImpl.send(HttpClientImpl.java:923)
	at java.net.http/jdk.internal.net.http.HttpClientFacade.send(HttpClientFacade.java:133)
	at org.springframework.boot.actuate.autoconfigure.tracing.zipkin.ZipkinHttpClientSender.postSpans(ZipkinHttpClientSender.java:60)
	at org.springframework.boot.actuate.autoconfigure.tracing.zipkin.HttpSender.postSpans(HttpSender.java:69)
	at org.springframework.boot.actuate.autoconfigure.tracing.zipkin.HttpSender.postSpans(HttpSender.java:41)
	at zipkin2.reporter.BaseHttpSender.send(BaseHttpSender.java:123)
	at zipkin2.reporter.internal.AsyncReporter$BoundedAsyncReporter.flush(AsyncReporter.java:266)
	at zipkin2.reporter.internal.AsyncReporter$Flusher.run(AsyncReporter.java:352)
	at java.base/java.lang.Thread.run(Thread.java:1474)
Caused by: java.net.ConnectException
	at java.net.http/jdk.internal.net.http.common.Utils.toConnectException(Utils.java:1070)
	at java.net.http/jdk.internal.net.http.PlainHttpConnection.connectAsync(PlainHttpConnection.java:223)
	at java.net.http/jdk.internal.net.http.PlainHttpConnection.checkRetryConnect(PlainHttpConnection.java:277)
	at java.net.http/jdk.internal.net.http.PlainHttpConnection.lambda$connectAsync$0(PlainHttpConnection.java:235)
	at java.base/java.util.concurrent.CompletableFuture.uniHandle(CompletableFuture.java:955)
	at java.base/java.util.concurrent.CompletableFuture$UniHandle.tryFire(CompletableFuture.java:932)
	at java.base/java.util.concurrent.CompletableFuture.postComplete(CompletableFuture.java:531)
	at java.base/java.util.concurrent.CompletableFuture$AsyncSupply.run(CompletableFuture.java:1794)
	at java.base/java.util.concurrent.ThreadPoolExecutor.runWorker(ThreadPoolExecutor.java:1090)
	at java.base/java.util.concurrent.ThreadPoolExecutor$Worker.run(ThreadPoolExecutor.java:614)
	... 1 common frames omitted
Caused by: java.nio.channels.ClosedChannelException
	at java.base/sun.nio.ch.SocketChannelImpl.ensureOpen(SocketChannelImpl.java:204)
	at java.base/sun.nio.ch.SocketChannelImpl.connect(SocketChannelImpl.java:942)
	at java.net.http/jdk.internal.net.http.PlainHttpConnection.connectAsync(PlainHttpConnection.java:211)
	... 9 common frames omitted
2026-07-20 23:05:59.682 [http-nio-8084-exec-2] INFO  o.a.c.c.C.[Tomcat].[localhost].[/] - [,] - Initializing Spring DispatcherServlet 'dispatcherServlet'
2026-07-20 23:05:59.682 [http-nio-8084-exec-2] INFO  o.s.web.servlet.DispatcherServlet - [,] - Initializing Servlet 'dispatcherServlet'
2026-07-20 23:05:59.683 [http-nio-8084-exec-2] INFO  o.s.web.servlet.DispatcherServlet - [,] - Completed initialization in 0 ms
2026-07-20 23:09:32.161 [AsyncResolver-bootstrap-executor-%d] INFO  c.n.d.s.r.aws.ConfigClusterResolver - [,] - Resolving eureka endpoints via configuration
2026-07-20 23:12:11.390 [SpringApplicationShutdownHook] INFO  o.s.c.n.e.s.EurekaServiceRegistry - [,] - Unregistering application WALLET-SERVICE with eureka with status DOWN
2026-07-20 23:12:11.390 [SpringApplicationShutdownHook] INFO  c.netflix.discovery.DiscoveryClient - [,] - Saw local status change event StatusChangeEvent [timestamp=1784569331390, current=DOWN, previous=UP]
2026-07-20 23:12:11.390 [DiscoveryClient-InstanceInfoReplicator-%d] INFO  c.netflix.discovery.DiscoveryClient - [,] - DiscoveryClient_WALLET-SERVICE/192.168.29.204:wallet-service:8084: registering service...
2026-07-20 23:12:11.391 [SpringApplicationShutdownHook] INFO  o.s.b.w.e.tomcat.GracefulShutdown - [,] - Commencing graceful shutdown. Waiting for active requests to complete
2026-07-20 23:12:11.392 [tomcat-shutdown] INFO  o.s.b.w.e.tomcat.GracefulShutdown - [,] - Graceful shutdown complete
2026-07-20 23:12:11.394 [DiscoveryClient-InstanceInfoReplicator-%d] INFO  c.netflix.discovery.DiscoveryClient - [,] - DiscoveryClient_WALLET-SERVICE/192.168.29.204:wallet-service:8084 - registration status: 204
2026-07-20 23:12:11.956 [SpringApplicationShutdownHook] INFO  c.netflix.discovery.DiscoveryClient - [,] - Shutting down DiscoveryClient ...
2026-07-20 23:12:14.962 [SpringApplicationShutdownHook] INFO  c.netflix.discovery.DiscoveryClient - [,] - Unregistering ...
2026-07-20 23:12:14.974 [SpringApplicationShutdownHook] INFO  c.netflix.discovery.DiscoveryClient - [,] - DiscoveryClient_WALLET-SERVICE/192.168.29.204:wallet-service:8084 - deregister  status: 200
2026-07-20 23:12:14.974 [SpringApplicationShutdownHook] INFO  c.netflix.discovery.DiscoveryClient - [,] - Completed shut down of DiscoveryClient
